<?xml version="1.0" encoding="UTF-8"?>
<testng-results ignored="0" total="1" passed="1" failed="0" skipped="0">
  <reporter-output>
  </reporter-output>
  <suite started-at="2021-01-19T10:48:30 EST" name="Surefire suite" finished-at="2021-01-19T10:48:30 EST" duration-ms="111">
    <groups>
    </groups>
    <test started-at="2021-01-19T10:48:30 EST" name="Surefire test" finished-at="2021-01-19T10:48:30 EST" duration-ms="111">
      <class name="HamchasAssociates.MavenJava.AppTest">
        <test-method signature="shouldAnswerWithTrue()" started-at="2021-01-19T10:48:30 EST" name="shouldAnswerWithTrue" finished-at="2021-01-19T10:48:30 EST" duration-ms="34" status="PASS">
          <reporter-output>
          </reporter-output>
        </test-method> <!-- shouldAnswerWithTrue -->
      </class> <!-- HamchasAssociates.MavenJava.AppTest -->
    </test> <!-- Surefire test -->
  </suite> <!-- Surefire suite -->
</testng-results>
