<?xml version="1.0" encoding="UTF-8"?>
<!-- Generated by org.testng.reporters.JUnitXMLReporter -->
<testsuite ignored="0" hostname="Hammond-PC" failures="0" tests="6" name="Surefire test" time="0.045" errors="0" timestamp="2021-01-19T11:15:56 EST">
  <testcase classname="HamchasAssociates.MavenJava.AppiumTest" name="IOSApps" time="0.004"/>
  <testcase classname="HamchasAssociates.MavenJava.AppiumTest" name="nativeAPIAndroid" time="0.001"/>
  <testcase classname="HamchasAssociates.MavenJava.RESTAPITest" name="deleteTwitter" time="0.001"/>
  <testcase classname="HamchasAssociates.MavenJava.RESTAPITest" name="postJira" time="0.0"/>
  <testcase classname="HamchasAssociates.MavenJava.SeleniumTest" name="BrowserAutomation" time="0.0"/>
  <testcase classname="HamchasAssociates.MavenJava.SeleniumTest" name="elementsUI" time="0.0"/>
</testsuite> <!-- Surefire test -->
