<?xml version="1.0" encoding="UTF-8"?>
<!-- Generated by org.testng.reporters.JUnitXMLReporter -->
<testsuite ignored="1" hostname="Hammond-PC" failures="0" tests="1" name="Default test" time="0.888" errors="0" timestamp="2021-01-18T15:36:55 EST">
  <testcase classname="HamchasAssociates.MavenJava.RESTAPITest" name="postJira" time="0.083"/>
  <testcase classname="HamchasAssociates.MavenJava.RESTAPITest" name="deleteTwitter" time="0.0">
    <ignored/>
  </testcase> <!-- deleteTwitter -->
</testsuite> <!-- Default test -->
