<?xml version="1.0" encoding="UTF-8"?>
<!-- Generated by org.testng.reporters.JUnitXMLReporter -->
<testsuite ignored="0" hostname="Hammond-PC" failures="0" tests="4" name="TestNG" time="0.068" errors="0" timestamp="2021-01-19T23:44:19 EST">
  <testcase classname="HamchasAssociates.MavenJava.SeleniumTest" name="BrowserAutomation" time="0.01"/>
  <testcase classname="HamchasAssociates.MavenJava.SeleniumTest" name="elementsUI" time="0.001"/>
  <testcase classname="HamchasAssociates.MavenJava.AppiumTest" name="IOSApps" time="0.001"/>
  <testcase classname="HamchasAssociates.MavenJava.AppiumTest" name="nativeAPIAndroid" time="0.001"/>
</testsuite> <!-- TestNG -->
