<?xml version="1.0" encoding="UTF-8"?>
<testng-results ignored="0" total="6" passed="6" failed="0" skipped="0">
  <reporter-output>
  </reporter-output>
  <suite started-at="2021-01-19T11:15:56 EST" name="Surefire suite" finished-at="2021-01-19T11:15:56 EST" duration-ms="45">
    <groups>
    </groups>
    <test started-at="2021-01-19T11:15:56 EST" name="Surefire test" finished-at="2021-01-19T11:15:56 EST" duration-ms="45">
      <class name="HamchasAssociates.MavenJava.SeleniumTest">
        <test-method signature="BrowserAutomation()[pri:0, instance:HamchasAssociates.MavenJava.SeleniumTest@1c72da34]" started-at="2021-01-19T11:15:56 EST" name="BrowserAutomation" finished-at="2021-01-19T11:15:56 EST" duration-ms="0" status="PASS">
          <reporter-output>
          </reporter-output>
        </test-method> <!-- BrowserAutomation -->
        <test-method signature="elementsUI()[pri:0, instance:HamchasAssociates.MavenJava.SeleniumTest@1c72da34]" started-at="2021-01-19T11:15:56 EST" name="elementsUI" finished-at="2021-01-19T11:15:56 EST" duration-ms="0" status="PASS">
          <reporter-output>
          </reporter-output>
        </test-method> <!-- elementsUI -->
      </class> <!-- HamchasAssociates.MavenJava.SeleniumTest -->
      <class name="HamchasAssociates.MavenJava.AppiumTest">
        <test-method signature="IOSApps()[pri:0, instance:HamchasAssociates.MavenJava.AppiumTest@6166e06f]" started-at="2021-01-19T11:15:56 EST" name="IOSApps" finished-at="2021-01-19T11:15:56 EST" duration-ms="4" status="PASS">
          <reporter-output>
          </reporter-output>
        </test-method> <!-- IOSApps -->
        <test-method signature="nativeAPIAndroid()[pri:0, instance:HamchasAssociates.MavenJava.AppiumTest@6166e06f]" started-at="2021-01-19T11:15:56 EST" name="nativeAPIAndroid" finished-at="2021-01-19T11:15:56 EST" duration-ms="1" status="PASS">
          <reporter-output>
          </reporter-output>
        </test-method> <!-- nativeAPIAndroid -->
      </class> <!-- HamchasAssociates.MavenJava.AppiumTest -->
      <class name="HamchasAssociates.MavenJava.RESTAPITest">
        <test-method signature="deleteTwitter()[pri:0, instance:HamchasAssociates.MavenJava.RESTAPITest@49e202ad]" started-at="2021-01-19T11:15:56 EST" name="deleteTwitter" finished-at="2021-01-19T11:15:56 EST" duration-ms="1" status="PASS">
          <reporter-output>
          </reporter-output>
        </test-method> <!-- deleteTwitter -->
        <test-method signature="postJira()[pri:0, instance:HamchasAssociates.MavenJava.RESTAPITest@49e202ad]" started-at="2021-01-19T11:15:56 EST" name="postJira" finished-at="2021-01-19T11:15:56 EST" duration-ms="0" status="PASS">
          <reporter-output>
          </reporter-output>
        </test-method> <!-- postJira -->
      </class> <!-- HamchasAssociates.MavenJava.RESTAPITest -->
    </test> <!-- Surefire test -->
  </suite> <!-- Surefire suite -->
</testng-results>
