<?xml version="1.0" encoding="UTF-8"?>
<testsuite xmlns:xsi="http://www.w3.org/2001/XMLSchema-instance" xsi:noNamespaceSchemaLocation="https://maven.apache.org/surefire/maven-surefire-plugin/xsd/surefire-test-report-3.0.xsd" version="3.0" name="TestSuite" time="0.469" tests="6" errors="0" skipped="0" failures="0">
  <properties>
[...]
</properties>
  <testcase name="IOSApps" classname="HamchasAssociates.MavenJava.AppiumTest" time="0.006">
    <system-out><![CDATA[This IOSApps
]]></system-out>
  </testcase>
  <testcase name="nativeAPIAndroid" classname="HamchasAssociates.MavenJava.AppiumTest" time="0.001">
    <system-out><![CDATA[This nativeAPIAndroid
]]></system-out>
  </testcase>
  <testcase name="deleteTwitter" classname="HamchasAssociates.MavenJava.RESTAPITest" time="0.001">
    <system-out><![CDATA[This deleteTwitter
]]></system-out>
  </testcase>
  <testcase name="postJira" classname="HamchasAssociates.MavenJava.RESTAPITest" time="0.001">
    <system-out><![CDATA[This postJira
]]></system-out>
  </testcase>
  <testcase name="BrowserAutomation" classname="HamchasAssociates.MavenJava.SeleniumTest" time="0.002">
    <system-out><![CDATA[This BrowserAutomation
]]></system-out>
  </testcase>
  <testcase name="elementsUI" classname="HamchasAssociates.MavenJava.SeleniumTest" time="0">
    <system-out><![CDATA[elementSUI
]]></system-out>
  </testcase>
</testsuite>