<?xml version="1.0" encoding="UTF-8"?>
<testng-results ignored="0" total="4" passed="4" failed="0" skipped="0">
  <reporter-output>
  </reporter-output>
  <suite started-at="2021-01-19T23:44:19 EST" name="Suite" finished-at="2021-01-19T23:44:19 EST" duration-ms="68">
    <groups>
    </groups>
    <test started-at="2021-01-19T23:44:19 EST" name="TestNG" finished-at="2021-01-19T23:44:19 EST" duration-ms="68">
      <class name="HamchasAssociates.MavenJava.SeleniumTest">
        <test-method signature="BrowserAutomation()[pri:0, instance:HamchasAssociates.MavenJava.SeleniumTest@48fa0f47]" started-at="2021-01-19T23:44:19 EST" name="BrowserAutomation" finished-at="2021-01-19T23:44:19 EST" duration-ms="10" status="PASS">
          <reporter-output>
          </reporter-output>
        </test-method> <!-- BrowserAutomation -->
        <test-method signature="elementsUI()[pri:0, instance:HamchasAssociates.MavenJava.SeleniumTest@48fa0f47]" started-at="2021-01-19T23:44:19 EST" name="elementsUI" finished-at="2021-01-19T23:44:19 EST" duration-ms="1" status="PASS">
          <reporter-output>
          </reporter-output>
        </test-method> <!-- elementsUI -->
      </class> <!-- HamchasAssociates.MavenJava.SeleniumTest -->
      <class name="HamchasAssociates.MavenJava.AppiumTest">
        <test-method signature="IOSApps()[pri:0, instance:HamchasAssociates.MavenJava.AppiumTest@6ac13091]" started-at="2021-01-19T23:44:19 EST" name="IOSApps" finished-at="2021-01-19T23:44:19 EST" duration-ms="1" status="PASS">
          <reporter-output>
          </reporter-output>
        </test-method> <!-- IOSApps -->
        <test-method signature="nativeAPIAndroid()[pri:0, instance:HamchasAssociates.MavenJava.AppiumTest@6ac13091]" started-at="2021-01-19T23:44:19 EST" name="nativeAPIAndroid" finished-at="2021-01-19T23:44:19 EST" duration-ms="1" status="PASS">
          <reporter-output>
          </reporter-output>
        </test-method> <!-- nativeAPIAndroid -->
      </class> <!-- HamchasAssociates.MavenJava.AppiumTest -->
    </test> <!-- TestNG -->
  </suite> <!-- Suite -->
</testng-results>
